[debug] [2021-05-24T12:14:39.168Z] ----------------------------------------------------------------------
[debug] [2021-05-24T12:14:39.170Z] Command:       /Users/bdalal/.nvm/versions/node/v10.16.1/bin/node /Users/bdalal/.nvm/versions/node/v10.16.1/bin/firebase init
[debug] [2021-05-24T12:14:39.171Z] CLI Version:   9.11.0
[debug] [2021-05-24T12:14:39.171Z] Platform:      darwin
[debug] [2021-05-24T12:14:39.171Z] Node Version:  v10.16.1
[debug] [2021-05-24T12:14:39.172Z] Time:          Mon May 24 2021 17:44:39 GMT+0530 (India Standard Time)
[debug] [2021-05-24T12:14:39.172Z] ----------------------------------------------------------------------
[debug] 
[debug] [2021-05-24T12:14:39.180Z] > command requires scopes: ["email","openid","https://www.googleapis.com/auth/cloudplatformprojects.readonly","https://www.googleapis.com/auth/firebase","https://www.googleapis.com/auth/cloud-platform"]
[debug] [2021-05-24T12:14:39.180Z] > authorizing via signed-in user (bhumikasdalal22@gmail.com)
[info] 
     ######## #### ########  ######## ########     ###     ######  ########
     ##        ##  ##     ## ##       ##     ##  ##   ##  ##       ##
     ######    ##  ########  ######   ########  #########  ######  ######
     ##        ##  ##    ##  ##       ##     ## ##     ##       ## ##
     ##       #### ##     ## ######## ########  ##     ##  ######  ########

You're about to initialize a Firebase project in this directory:

  /Users/bdalal/Documents/jsProj/whatsapp-clone

[info] 
=== Project Setup
[info] 
[info] First, let's associate this project directory with a Firebase project.
[info] You can create multiple project aliases by running firebase use --add, 
[info] but for now we'll just set up a default project.
[info] 
[debug] [2021-05-24T12:15:22.350Z] >>> [apiv2][query] GET https://firebase.googleapis.com/v1beta1/projects pageSize=100
[debug] [2021-05-24T12:15:23.280Z] <<< [apiv2][status] GET https://firebase.googleapis.com/v1beta1/projects 200
[debug] [2021-05-24T12:15:23.280Z] <<< [apiv2][body] GET https://firebase.googleapis.com/v1beta1/projects [omitted]
[info] i  Using project whatsapp-clone-f91a3 (whatsapp-clone) 
[info] 
=== Hosting Setup
[info] 
[info] Your public directory is the folder (relative to your project directory) that
[info] will contain Hosting assets to be uploaded with firebase deploy. If you
[info] have a build process for your assets, use your build's output directory.
[info] 
[debug] [2021-05-24T12:15:56.977Z] >>> [apiv2][query] GET https://www.gstatic.com/firebasejs/releases.json [none]
[debug] [2021-05-24T12:15:57.293Z] <<< [apiv2][status] GET https://www.gstatic.com/firebasejs/releases.json 200
[debug] [2021-05-24T12:15:57.293Z] <<< [apiv2][body] GET https://www.gstatic.com/firebasejs/releases.json {"current":{"version":"8.6.2","browserURL":"https://www.gstatic.com/firebasejs/8.6.2/firebase.js","packageURL":"https://www.gstatic.com/firebasejs/8.6.2/firebase.tgz"},"live":{"version":"8.6","browserURL":"https://www.gstatic.com/firebasejs/live/8.6/firebase.js","packageURL":"https://www.gstatic.com/firebasejs/live/8.6/firebase.tgz"},"components":{"analytics":"https://www.gstatic.com/firebasejs/8.6.2/firebase-analytics.js","app":"https://www.gstatic.com/firebasejs/8.6.2/firebase-app.js","app-check":"https://www.gstatic.com/firebasejs/8.6.2/firebase-app-check.js","auth":"https://www.gstatic.com/firebasejs/8.6.2/firebase-auth.js","database":"https://www.gstatic.com/firebasejs/8.6.2/firebase-database.js","firestore":"https://www.gstatic.com/firebasejs/8.6.2/firebase-firestore.js","functions":"https://www.gstatic.com/firebasejs/8.6.2/firebase-functions.js","installations":"https://www.gstatic.com/firebasejs/8.6.2/firebase-installations.js","messaging":"https://www.gstatic.com/firebasejs/8.6.2/firebase-messaging.js","storage":"https://www.gstatic.com/firebasejs/8.6.2/firebase-storage.js","performance":"https://www.gstatic.com/firebasejs/8.6.2/firebase-performance.js","remote-config":"https://www.gstatic.com/firebasejs/8.6.2/firebase-remote-config.js","firestore.memory":"https://www.gstatic.com/firebasejs/8.6.2/firebase-firestore.memory.js"}}
[info] ✔  Wrote build/index.html 
[info] 
[info] i  Detected a .git folder at /Users/bdalal/Documents/jsProj/whatsapp-clone 
[info] i  Authorizing with GitHub to upload your service account to a GitHub repository's secrets store. 
[info] 
[info] Visit this URL on this device to log in:
[info] https://github.com/login/oauth/authorize?client_id=89cf50f02ac6aaed3484&state=125895556&redirect_uri=http%3A%2F%2Flocalhost%3A9005&scope=read%3Auser%20repo%20public_repo
[info] 
[info] Waiting for authentication...
[debug] [2021-05-24T12:16:50.171Z] >>> HTTP REQUEST POST https://github.com/login/oauth/access_token  
 {"client_id":"89cf50f02ac6aaed3484","client_secret":"3330d14abc895d9a74d5f17cd7a00711fa2c5bf0","code":"c80dbcabaccaa6fbf11c","redirect_uri":"http://localhost:9005","state":"125895556"}
[debug] [2021-05-24T12:16:50.699Z] <<< HTTP RESPONSE 200 {"server":"GitHub.com","date":"Mon, 24 May 2021 12:16:50 GMT","content-type":"application/json; charset=utf-8","transfer-encoding":"chunked","vary":"X-PJAX, Accept-Encoding, Accept, X-Requested-With","permissions-policy":"interest-cohort=()","etag":"W/\"55ecff3dd6188210552dc3091425e337\"","cache-control":"max-age=0, private, must-revalidate","strict-transport-security":"max-age=31536000; includeSubdomains; preload","x-frame-options":"deny","x-content-type-options":"nosniff","x-xss-protection":"0","referrer-policy":"origin-when-cross-origin, strict-origin-when-cross-origin","expect-ct":"max-age=2592000, report-uri=\"https://api.github.com/_private/browser/errors\"","content-security-policy":"default-src 'none'; base-uri 'self'; block-all-mixed-content; connect-src 'self' uploads.github.com www.githubstatus.com collector.githubapp.com api.github.com github-cloud.s3.amazonaws.com github-production-repository-file-5c1aeb.s3.amazonaws.com github-production-upload-manifest-file-7fdce7.s3.amazonaws.com github-production-user-asset-6210df.s3.amazonaws.com cdn.optimizely.com logx.optimizely.com/v1/events wss://alive.github.com; font-src github.githubassets.com; form-action 'self' github.com gist.github.com; frame-ancestors 'none'; frame-src render.githubusercontent.com; img-src 'self' data: github.githubassets.com identicons.github.com collector.githubapp.com github-cloud.s3.amazonaws.com secured-user-images.githubusercontent.com/ *.githubusercontent.com; manifest-src 'self'; media-src 'none'; script-src github.githubassets.com; style-src 'unsafe-inline' github.githubassets.com; worker-src github.com/socket-worker-3f088aa2.js gist.github.com/socket-worker-3f088aa2.js","x-github-request-id":"CBED:12DC:2A809:AD57E:60AB9932"}
[debug] [2021-05-24T12:16:50.703Z] >>> [apiv2][query] GET https://api.github.com/user [none]
[debug] [2021-05-24T12:16:51.442Z] <<< [apiv2][status] GET https://api.github.com/user 200
[debug] [2021-05-24T12:16:51.442Z] <<< [apiv2][body] GET https://api.github.com/user {"login":"bhumikadalal22","id":61817659,"node_id":"MDQ6VXNlcjYxODE3NjU5","avatar_url":"https://avatars.githubusercontent.com/u/61817659?v=4","gravatar_id":"","url":"https://api.github.com/users/bhumikadalal22","html_url":"https://github.com/bhumikadalal22","followers_url":"https://api.github.com/users/bhumikadalal22/followers","following_url":"https://api.github.com/users/bhumikadalal22/following{/other_user}","gists_url":"https://api.github.com/users/bhumikadalal22/gists{/gist_id}","starred_url":"https://api.github.com/users/bhumikadalal22/starred{/owner}{/repo}","subscriptions_url":"https://api.github.com/users/bhumikadalal22/subscriptions","organizations_url":"https://api.github.com/users/bhumikadalal22/orgs","repos_url":"https://api.github.com/users/bhumikadalal22/repos","events_url":"https://api.github.com/users/bhumikadalal22/events{/privacy}","received_events_url":"https://api.github.com/users/bhumikadalal22/received_events","type":"User","site_admin":false,"name":null,"company":null,"blog":"","location":null,"email":null,"hireable":null,"bio":null,"twitter_username":null,"public_repos":1,"public_gists":0,"followers":0,"following":0,"created_at":"2020-03-05T05:27:23Z","updated_at":"2021-05-24T12:16:43Z","private_gists":0,"total_private_repos":8,"owned_private_repos":0,"disk_usage":0,"collaborators":0,"two_factor_authentication":true,"plan":{"name":"free","space":976562499,"collaborators":0,"private_repos":10000}}
[info] 
[info] ✔  Success! Logged into GitHub as bhumikadalal22 
[info] 
[debug] [2021-05-24T12:17:29.505Z] >>> [apiv2][query] GET https://api.github.com/repos/whatsapp clone/actions/secrets/public-key type=owner
[debug] [2021-05-24T12:17:29.987Z] <<< [apiv2][status] GET https://api.github.com/repos/whatsapp clone/actions/secrets/public-key 404
[debug] [2021-05-24T12:17:29.987Z] <<< [apiv2][body] GET https://api.github.com/repos/whatsapp clone/actions/secrets/public-key {"message":"Not Found","documentation_url":"https://docs.github.com/rest"}
